<?xml version="1.0" encoding="UTF-8" ?>
<testsuite errors="0" skipped="0" tests="4" time="0.072" failures="0" name="com.sonatype.training.babble.services.BabbleManagerTest">
  <properties>
    <property value="Java(TM) 2 Runtime Environment, Standard Edition" name="java.runtime.name"/>
    <property value="/System/Library/Frameworks/JavaVM.framework/Versions/1.5.0/Libraries" name="sun.boot.library.path"/>
    <property value="1.5.0_19-137" name="java.vm.version"/>
    <property value="true" name="awt.nativeDoubleBuffering"/>
    <property value="false" name="gopherProxySet"/>
    <property value="Apple Inc." name="java.vm.vendor"/>
    <property value="http://www.apple.com/" name="java.vendor.url"/>
    <property value=":" name="path.separator"/>
    <property value="Java HotSpot(TM) Client VM" name="java.vm.name"/>
    <property value="sun.io" name="file.encoding.pkg"/>
    <property value="US" name="user.country"/>
    <property value="SUN_STANDARD" name="sun.java.launcher"/>
    <property value="unknown" name="sun.os.patch.level"/>
    <property value="Java Virtual Machine Specification" name="java.vm.specification.name"/>
    <property value="/Users/Tim/Library/Code/sonatype/sonatype-training/lab-solutions/babble/babble-services" name="user.dir"/>
    <property value="1.5.0_19-b02-304" name="java.runtime.version"/>
    <property value="apple.awt.CGraphicsEnvironment" name="java.awt.graphicsenv"/>
    <property value="/Users/Tim/Library/Code/sonatype/sonatype-training/lab-solutions/babble/babble-services" name="basedir"/>
    <property value="/System/Library/Frameworks/JavaVM.framework/Versions/1.5.0/Home/lib/endorsed" name="java.endorsed.dirs"/>
    <property value="i386" name="os.arch"/>
    <property value="/var/folders/Yu/YuCXxdTWGcWLD7ELOyeIhU+++TQ/-Tmp-/surefirebooter8148774799349279904.jar" name="surefire.real.class.path"/>
    <property value="/var/folders/Yu/YuCXxdTWGcWLD7ELOyeIhU+++TQ/-Tmp-/" name="java.io.tmpdir"/>
    <property value="
" name="line.separator"/>
    <property value="Sun Microsystems Inc." name="java.vm.specification.vendor"/>
    <property value="Mac OS X" name="os.name"/>
    <property value="MacRoman" name="sun.jnu.encoding"/>
    <property value=".:/Library/Java/Extensions:/System/Library/Java/Extensions:/usr/lib/java" name="java.library.path"/>
    <property value="/Users/Tim/Library/Code/sonatype/sonatype-training/lab-solutions/babble/babble-services/target/test-classes:/Users/Tim/Library/Code/sonatype/sonatype-training/lab-solutions/babble/babble-services/target/classes:/Users/Tim/Library/Code/sonatype/sonatype-training/lab-solutions/babble/babble-core/target/babble-core-1.0.0-SNAPSHOT.jar:/Users/Tim/.m2/repository/org/hamcrest/hamcrest-all/1.1/hamcrest-all-1.1.jar:/Users/Tim/.m2/repository/log4j/log4j/1.2.12/log4j-1.2.12.jar:/Users/Tim/.m2/repository/commons-logging/commons-logging/1.1.1/commons-logging-1.1.1.jar:/Users/Tim/.m2/repository/junit/junit/4.5/junit-4.5.jar:" name="surefire.test.class.path"/>
    <property value="Java Platform API Specification" name="java.specification.name"/>
    <property value="49.0" name="java.class.version"/>
    <property value="HotSpot Client Compiler" name="sun.management.compiler"/>
    <property value="10.5.7" name="os.version"/>
    <property value="local|*.local|169.254/16|*.169.254/16" name="http.nonProxyHosts"/>
    <property value="/Users/Tim" name="user.home"/>
    <property value="" name="user.timezone"/>
    <property value="apple.awt.CPrinterJob" name="java.awt.printerjob"/>
    <property value="1.5" name="java.specification.version"/>
    <property value="MacRoman" name="file.encoding"/>
    <property value="Tim" name="user.name"/>
    <property value="/Users/Tim/Library/Code/sonatype/sonatype-training/lab-solutions/babble/babble-services/target/test-classes:/Users/Tim/Library/Code/sonatype/sonatype-training/lab-solutions/babble/babble-services/target/classes:/Users/Tim/Library/Code/sonatype/sonatype-training/lab-solutions/babble/babble-core/target/babble-core-1.0.0-SNAPSHOT.jar:/Users/Tim/.m2/repository/org/hamcrest/hamcrest-all/1.1/hamcrest-all-1.1.jar:/Users/Tim/.m2/repository/log4j/log4j/1.2.12/log4j-1.2.12.jar:/Users/Tim/.m2/repository/commons-logging/commons-logging/1.1.1/commons-logging-1.1.1.jar:/Users/Tim/.m2/repository/junit/junit/4.5/junit-4.5.jar:" name="java.class.path"/>
    <property value="1.0" name="java.vm.specification.version"/>
    <property value="32" name="sun.arch.data.model"/>
    <property value="/System/Library/Frameworks/JavaVM.framework/Versions/1.5.0/Home" name="java.home"/>
    <property value="Sun Microsystems Inc." name="java.specification.vendor"/>
    <property value="en" name="user.language"/>
    <property value="apple.awt.CToolkit" name="awt.toolkit"/>
    <property value="mixed mode, sharing" name="java.vm.info"/>
    <property value="1.5.0_19" name="java.version"/>
    <property value="/Library/Java/Extensions:/System/Library/Java/Extensions:/System/Library/Frameworks/JavaVM.framework/Versions/1.5.0/Home/lib/ext" name="java.ext.dirs"/>
    <property value="/System/Library/Frameworks/JavaVM.framework/Versions/1.5.0/Classes/jsfd.jar:/System/Library/Frameworks/JavaVM.framework/Versions/1.5.0/Classes/classes.jar:/System/Library/Frameworks/JavaVM.framework/Versions/1.5.0/Classes/ui.jar:/System/Library/Frameworks/JavaVM.framework/Versions/1.5.0/Classes/laf.jar:/System/Library/Frameworks/JavaVM.framework/Versions/1.5.0/Classes/sunrsasign.jar:/System/Library/Frameworks/JavaVM.framework/Versions/1.5.0/Classes/jsse.jar:/System/Library/Frameworks/JavaVM.framework/Versions/1.5.0/Classes/jce.jar:/System/Library/Frameworks/JavaVM.framework/Versions/1.5.0/Classes/charsets.jar" name="sun.boot.class.path"/>
    <property value="Apple Inc." name="java.vendor"/>
    <property value="/Users/Tim/.m2/repository" name="localRepository"/>
    <property value="/" name="file.separator"/>
    <property value="http://bugreport.apple.com/" name="java.vendor.url.bug"/>
    <property value="little" name="sun.cpu.endian"/>
    <property value="UnicodeLittle" name="sun.io.unicode.encoding"/>
    <property value="1050.1.5.0_19-304" name="mrj.version"/>
    <property value="local|*.local|169.254/16|*.169.254/16" name="socksNonProxyHosts"/>
    <property value="local|*.local|169.254/16|*.169.254/16" name="ftp.nonProxyHosts"/>
    <property value="" name="sun.cpu.isalist"/>
  </properties>
  <testcase classname="com.sonatype.training.babble.services.BabbleManagerTest" time="0.045" name="shouldRegisterNewUserWithUniqueName"/>
  <testcase classname="com.sonatype.training.babble.services.BabbleManagerTest" time="0.001" name="shouldNotRegisterNewUserWithExistingName"/>
  <testcase classname="com.sonatype.training.babble.services.BabbleManagerTest" time="0" name="shouldListAllBabblers"/>
  <testcase classname="com.sonatype.training.babble.services.BabbleManagerTest" time="0" name="shoulddListAllBabblersInImmutableList"/>
</testsuite>